<?xml version="1.0" encoding="UTF-8"?>
<testsuite name="alpha.currency.clients.GifFeignClientTest" tests="1" skipped="0" failures="0" errors="0" timestamp="2021-11-30T18:46:32" hostname="temapc" time="0.027">
  <properties/>
  <testcase name="getGif()" classname="alpha.currency.clients.GifFeignClientTest" time="0.027"/>
  <system-out><![CDATA[2021-11-30 22:46:32.564  INFO 51757 --- [    Test worker] .b.t.c.SpringBootTestContextBootstrapper : Neither @ContextConfiguration nor @ContextHierarchy found for test class [alpha.currency.clients.GifFeignClientTest], using SpringBootContextLoader
2021-11-30 22:46:32.565  INFO 51757 --- [    Test worker] o.s.t.c.support.AbstractContextLoader    : Could not detect default resource locations for test class [alpha.currency.clients.GifFeignClientTest]: no resource found for suffixes {-context.xml, Context.groovy}.
2021-11-30 22:46:32.566  INFO 51757 --- [    Test worker] t.c.s.AnnotationConfigContextLoaderUtils : Could not detect default configuration classes for test class [alpha.currency.clients.GifFeignClientTest]: GifFeignClientTest does not declare any static, non-private, non-final, nested classes annotated with @Configuration.
2021-11-30 22:46:32.569  INFO 51757 --- [    Test worker] .b.t.c.SpringBootTestContextBootstrapper : Found @SpringBootConfiguration alpha.currency.Main for test class alpha.currency.clients.GifFeignClientTest
2021-11-30 22:46:32.570  INFO 51757 --- [    Test worker] .b.t.c.SpringBootTestContextBootstrapper : Loaded default TestExecutionListener class names from location [META-INF/spring.factories]: [org.springframework.boot.test.autoconfigure.restdocs.RestDocsTestExecutionListener, org.springframework.boot.test.autoconfigure.web.client.MockRestServiceServerResetTestExecutionListener, org.springframework.boot.test.autoconfigure.web.servlet.MockMvcPrintOnlyOnFailureTestExecutionListener, org.springframework.boot.test.autoconfigure.web.servlet.WebDriverTestExecutionListener, org.springframework.boot.test.autoconfigure.webservices.client.MockWebServiceServerTestExecutionListener, org.springframework.boot.test.mock.mockito.MockitoTestExecutionListener, org.springframework.boot.test.mock.mockito.ResetMocksTestExecutionListener, org.springframework.test.context.web.ServletTestExecutionListener, org.springframework.test.context.support.DirtiesContextBeforeModesTestExecutionListener, org.springframework.test.context.support.DependencyInjectionTestExecutionListener, org.springframework.test.context.support.DirtiesContextTestExecutionListener, org.springframework.test.context.transaction.TransactionalTestExecutionListener, org.springframework.test.context.jdbc.SqlScriptsTestExecutionListener, org.springframework.test.context.event.EventPublishingTestExecutionListener]
2021-11-30 22:46:32.571  INFO 51757 --- [    Test worker] .b.t.c.SpringBootTestContextBootstrapper : Using TestExecutionListeners: [org.springframework.test.context.web.ServletTestExecutionListener@70fecb48, org.springframework.test.context.support.DirtiesContextBeforeModesTestExecutionListener@2f8b04cb, org.springframework.boot.test.mock.mockito.MockitoTestExecutionListener@16606e, org.springframework.boot.test.autoconfigure.SpringBootDependencyInjectionTestExecutionListener@47edb2a4, org.springframework.test.context.support.DirtiesContextTestExecutionListener@41cf959a, org.springframework.test.context.event.EventPublishingTestExecutionListener@36957c34, org.springframework.boot.test.autoconfigure.restdocs.RestDocsTestExecutionListener@5337f98, org.springframework.boot.test.autoconfigure.web.client.MockRestServiceServerResetTestExecutionListener@2f618508, org.springframework.boot.test.autoconfigure.web.servlet.MockMvcPrintOnlyOnFailureTestExecutionListener@12bfb63b, org.springframework.boot.test.autoconfigure.web.servlet.WebDriverTestExecutionListener@f561c84, org.springframework.boot.test.autoconfigure.webservices.client.MockWebServiceServerTestExecutionListener@11877d49, org.springframework.boot.test.mock.mockito.ResetMocksTestExecutionListener@326de3b4]
2021-11-30 22:46:32.575  INFO 51757 --- [    Test worker] org.eclipse.jetty.server.Server          : jetty-9.4.31.v20200723; built: 2020-07-23T17:57:36.812Z; git: 450ba27947e13e66baa8cd1ce7e85a4461cacc1d; jvm 16.0.1+9-Ubuntu-120.04
2021-11-30 22:46:32.578  INFO 51757 --- [    Test worker] o.e.jetty.server.handler.ContextHandler  : Started o.e.j.s.ServletContextHandler@433c33f4{/__admin,null,AVAILABLE}
2021-11-30 22:46:32.579  INFO 51757 --- [    Test worker] o.e.j.s.handler.ContextHandler.ROOT      : RequestHandlerClass from context returned com.github.tomakehurst.wiremock.http.StubRequestHandler. Normalized mapped under returned 'null'
2021-11-30 22:46:32.579  INFO 51757 --- [    Test worker] o.e.jetty.server.handler.ContextHandler  : Started o.e.j.s.ServletContextHandler@4031c678{/,null,AVAILABLE}
2021-11-30 22:46:32.580  INFO 51757 --- [    Test worker] o.e.jetty.server.AbstractConnector       : Started NetworkTrafficServerConnector@9c3158e{HTTP/1.1, (http/1.1, h2c)}{0.0.0.0:8082}
2021-11-30 22:46:32.580  INFO 51757 --- [    Test worker] org.eclipse.jetty.server.Server          : Started @5568ms
2021-11-30 22:46:32.588  INFO 51757 --- [tp1046067031-41] o.e.j.s.handler.ContextHandler.__admin   : RequestHandlerClass from context returned com.github.tomakehurst.wiremock.http.AdminRequestHandler. Normalized mapped under returned 'null'
]]></system-out>
  <system-err><![CDATA[]]></system-err>
</testsuite>
