<?xml version="1.0" encoding="UTF-8"?>
<testsuite name="alpha.currency.clients.GifFeignClientTest" tests="1" skipped="0" failures="0" errors="0" timestamp="2021-11-30T19:23:50" hostname="temapc" time="0.021">
  <properties/>
  <testcase name="getGif()" classname="alpha.currency.clients.GifFeignClientTest" time="0.021"/>
  <system-out><![CDATA[2021-11-30 23:23:50.097  INFO 60323 --- [    Test worker] .b.t.c.SpringBootTestContextBootstrapper : Neither @ContextConfiguration nor @ContextHierarchy found for test class [alpha.currency.clients.GifFeignClientTest], using SpringBootContextLoader
2021-11-30 23:23:50.098  INFO 60323 --- [    Test worker] o.s.t.c.support.AbstractContextLoader    : Could not detect default resource locations for test class [alpha.currency.clients.GifFeignClientTest]: no resource found for suffixes {-context.xml, Context.groovy}.
2021-11-30 23:23:50.098  INFO 60323 --- [    Test worker] t.c.s.AnnotationConfigContextLoaderUtils : Could not detect default configuration classes for test class [alpha.currency.clients.GifFeignClientTest]: GifFeignClientTest does not declare any static, non-private, non-final, nested classes annotated with @Configuration.
2021-11-30 23:23:50.101  INFO 60323 --- [    Test worker] .b.t.c.SpringBootTestContextBootstrapper : Found @SpringBootConfiguration alpha.currency.Main for test class alpha.currency.clients.GifFeignClientTest
2021-11-30 23:23:50.103  INFO 60323 --- [    Test worker] .b.t.c.SpringBootTestContextBootstrapper : Loaded default TestExecutionListener class names from location [META-INF/spring.factories]: [org.springframework.boot.test.autoconfigure.restdocs.RestDocsTestExecutionListener, org.springframework.boot.test.autoconfigure.web.client.MockRestServiceServerResetTestExecutionListener, org.springframework.boot.test.autoconfigure.web.servlet.MockMvcPrintOnlyOnFailureTestExecutionListener, org.springframework.boot.test.autoconfigure.web.servlet.WebDriverTestExecutionListener, org.springframework.boot.test.autoconfigure.webservices.client.MockWebServiceServerTestExecutionListener, org.springframework.boot.test.mock.mockito.MockitoTestExecutionListener, org.springframework.boot.test.mock.mockito.ResetMocksTestExecutionListener, org.springframework.test.context.web.ServletTestExecutionListener, org.springframework.test.context.support.DirtiesContextBeforeModesTestExecutionListener, org.springframework.test.context.support.DependencyInjectionTestExecutionListener, org.springframework.test.context.support.DirtiesContextTestExecutionListener, org.springframework.test.context.transaction.TransactionalTestExecutionListener, org.springframework.test.context.jdbc.SqlScriptsTestExecutionListener, org.springframework.test.context.event.EventPublishingTestExecutionListener]
2021-11-30 23:23:50.105  INFO 60323 --- [    Test worker] .b.t.c.SpringBootTestContextBootstrapper : Using TestExecutionListeners: [org.springframework.test.context.web.ServletTestExecutionListener@4f9be9f5, org.springframework.test.context.support.DirtiesContextBeforeModesTestExecutionListener@7673cb39, org.springframework.boot.test.mock.mockito.MockitoTestExecutionListener@38d766e9, org.springframework.boot.test.autoconfigure.SpringBootDependencyInjectionTestExecutionListener@59ed8e0d, org.springframework.test.context.support.DirtiesContextTestExecutionListener@49a91084, org.springframework.test.context.event.EventPublishingTestExecutionListener@216b208b, org.springframework.boot.test.autoconfigure.restdocs.RestDocsTestExecutionListener@2208ea61, org.springframework.boot.test.autoconfigure.web.client.MockRestServiceServerResetTestExecutionListener@17a085cb, org.springframework.boot.test.autoconfigure.web.servlet.MockMvcPrintOnlyOnFailureTestExecutionListener@160c8a8b, org.springframework.boot.test.autoconfigure.web.servlet.WebDriverTestExecutionListener@6e1b9fb9, org.springframework.boot.test.autoconfigure.webservices.client.MockWebServiceServerTestExecutionListener@ba52bf9, org.springframework.boot.test.mock.mockito.ResetMocksTestExecutionListener@18b8699b]
2021-11-30 23:23:50.111  INFO 60323 --- [    Test worker] org.eclipse.jetty.server.Server          : jetty-9.4.31.v20200723; built: 2020-07-23T17:57:36.812Z; git: 450ba27947e13e66baa8cd1ce7e85a4461cacc1d; jvm 16.0.1+9-Ubuntu-120.04
2021-11-30 23:23:50.113  INFO 60323 --- [    Test worker] o.e.jetty.server.handler.ContextHandler  : Started o.e.j.s.ServletContextHandler@2020a8b6{/__admin,null,AVAILABLE}
2021-11-30 23:23:50.114  INFO 60323 --- [    Test worker] o.e.j.s.handler.ContextHandler.ROOT      : RequestHandlerClass from context returned com.github.tomakehurst.wiremock.http.StubRequestHandler. Normalized mapped under returned 'null'
2021-11-30 23:23:50.114  INFO 60323 --- [    Test worker] o.e.jetty.server.handler.ContextHandler  : Started o.e.j.s.ServletContextHandler@764d3389{/,null,AVAILABLE}
2021-11-30 23:23:50.115  INFO 60323 --- [    Test worker] o.e.jetty.server.AbstractConnector       : Started NetworkTrafficServerConnector@40fcb4fb{HTTP/1.1, (http/1.1, h2c)}{0.0.0.0:8082}
2021-11-30 23:23:50.116  INFO 60323 --- [    Test worker] org.eclipse.jetty.server.Server          : Started @5599ms
2021-11-30 23:23:50.123  INFO 60323 --- [tp1000570775-46] o.e.j.s.handler.ContextHandler.__admin   : RequestHandlerClass from context returned com.github.tomakehurst.wiremock.http.AdminRequestHandler. Normalized mapped under returned 'null'
]]></system-out>
  <system-err><![CDATA[]]></system-err>
</testsuite>
