<?xml version="1.0" encoding="UTF-8"?>
<testsuite name="alpha.currency.service.gif.GifSenderImplTest" tests="2" skipped="0" failures="0" errors="0" timestamp="2021-11-30T19:23:55" hostname="temapc" time="2.192">
  <properties/>
  <testcase name="getGifByCurrency()" classname="alpha.currency.service.gif.GifSenderImplTest" time="1.561"/>
  <testcase name="getGirUrlByCurrency()" classname="alpha.currency.service.gif.GifSenderImplTest" time="0.621"/>
  <system-out><![CDATA[2021-11-30 23:23:52.024  INFO 60323 --- [    Test worker] .b.t.c.SpringBootTestContextBootstrapper : Neither @ContextConfiguration nor @ContextHierarchy found for test class [alpha.currency.service.gif.GifSenderImplTest], using SpringBootContextLoader
2021-11-30 23:23:52.025  INFO 60323 --- [    Test worker] o.s.t.c.support.AbstractContextLoader    : Could not detect default resource locations for test class [alpha.currency.service.gif.GifSenderImplTest]: no resource found for suffixes {-context.xml, Context.groovy}.
2021-11-30 23:23:52.026  INFO 60323 --- [    Test worker] t.c.s.AnnotationConfigContextLoaderUtils : Could not detect default configuration classes for test class [alpha.currency.service.gif.GifSenderImplTest]: GifSenderImplTest does not declare any static, non-private, non-final, nested classes annotated with @Configuration.
2021-11-30 23:23:52.028  INFO 60323 --- [    Test worker] .b.t.c.SpringBootTestContextBootstrapper : Found @SpringBootConfiguration alpha.currency.Main for test class alpha.currency.service.gif.GifSenderImplTest
2021-11-30 23:23:52.031  INFO 60323 --- [    Test worker] .b.t.c.SpringBootTestContextBootstrapper : Loaded default TestExecutionListener class names from location [META-INF/spring.factories]: [org.springframework.boot.test.autoconfigure.restdocs.RestDocsTestExecutionListener, org.springframework.boot.test.autoconfigure.web.client.MockRestServiceServerResetTestExecutionListener, org.springframework.boot.test.autoconfigure.web.servlet.MockMvcPrintOnlyOnFailureTestExecutionListener, org.springframework.boot.test.autoconfigure.web.servlet.WebDriverTestExecutionListener, org.springframework.boot.test.autoconfigure.webservices.client.MockWebServiceServerTestExecutionListener, org.springframework.boot.test.mock.mockito.MockitoTestExecutionListener, org.springframework.boot.test.mock.mockito.ResetMocksTestExecutionListener, org.springframework.test.context.web.ServletTestExecutionListener, org.springframework.test.context.support.DirtiesContextBeforeModesTestExecutionListener, org.springframework.test.context.support.DependencyInjectionTestExecutionListener, org.springframework.test.context.support.DirtiesContextTestExecutionListener, org.springframework.test.context.transaction.TransactionalTestExecutionListener, org.springframework.test.context.jdbc.SqlScriptsTestExecutionListener, org.springframework.test.context.event.EventPublishingTestExecutionListener]
2021-11-30 23:23:52.033  INFO 60323 --- [    Test worker] .b.t.c.SpringBootTestContextBootstrapper : Using TestExecutionListeners: [org.springframework.test.context.web.ServletTestExecutionListener@a30a147, org.springframework.test.context.support.DirtiesContextBeforeModesTestExecutionListener@15b63ec0, org.springframework.boot.test.mock.mockito.MockitoTestExecutionListener@a9eda2e, org.springframework.boot.test.autoconfigure.SpringBootDependencyInjectionTestExecutionListener@2d74e84b, org.springframework.test.context.support.DirtiesContextTestExecutionListener@22415e3b, org.springframework.test.context.event.EventPublishingTestExecutionListener@625348d, org.springframework.boot.test.autoconfigure.restdocs.RestDocsTestExecutionListener@7a96c1cd, org.springframework.boot.test.autoconfigure.web.client.MockRestServiceServerResetTestExecutionListener@70aa4864, org.springframework.boot.test.autoconfigure.web.servlet.MockMvcPrintOnlyOnFailureTestExecutionListener@58b270cc, org.springframework.boot.test.autoconfigure.web.servlet.WebDriverTestExecutionListener@779cb60b, org.springframework.boot.test.autoconfigure.webservices.client.MockWebServiceServerTestExecutionListener@3bc8899c, org.springframework.boot.test.mock.mockito.ResetMocksTestExecutionListener@19031fe9]
2021-11-30 23:23:52.193  INFO 60323 --- [    Test worker] ptablePropertiesBeanFactoryPostProcessor : Post-processing PropertySource instances
2021-11-30 23:23:52.194  INFO 60323 --- [    Test worker] c.u.j.EncryptablePropertySourceConverter : Skipping PropertySource configurationProperties [class org.springframework.boot.context.properties.source.ConfigurationPropertySourcesPropertySource
2021-11-30 23:23:52.194  INFO 60323 --- [    Test worker] c.u.j.EncryptablePropertySourceConverter : Converting PropertySource bootstrap [org.springframework.core.env.MapPropertySource] to EncryptableMapPropertySourceWrapper
2021-11-30 23:23:52.194  INFO 60323 --- [    Test worker] c.u.j.EncryptablePropertySourceConverter : Converting PropertySource Inlined Test Properties [org.springframework.core.env.MapPropertySource] to EncryptableMapPropertySourceWrapper
2021-11-30 23:23:52.194  INFO 60323 --- [    Test worker] c.u.j.EncryptablePropertySourceConverter : Converting PropertySource systemProperties [org.springframework.core.env.PropertiesPropertySource] to EncryptableMapPropertySourceWrapper
2021-11-30 23:23:52.194  INFO 60323 --- [    Test worker] c.u.j.EncryptablePropertySourceConverter : Converting PropertySource systemEnvironment [org.springframework.boot.env.SystemEnvironmentPropertySourceEnvironmentPostProcessor$OriginAwareSystemEnvironmentPropertySource] to EncryptableSystemEnvironmentPropertySourceWrapper
2021-11-30 23:23:52.194  INFO 60323 --- [    Test worker] c.u.j.EncryptablePropertySourceConverter : Converting PropertySource random [org.springframework.boot.env.RandomValuePropertySource] to EncryptablePropertySourceWrapper
2021-11-30 23:23:52.194  INFO 60323 --- [    Test worker] c.u.j.EncryptablePropertySourceConverter : Converting PropertySource springCloudClientHostInfo [org.springframework.core.env.MapPropertySource] to EncryptableMapPropertySourceWrapper
2021-11-30 23:23:52.195  INFO 60323 --- [    Test worker] trationDelegate$BeanPostProcessorChecker : Bean 'org.springframework.cloud.autoconfigure.ConfigurationPropertiesRebinderAutoConfiguration' of type [org.springframework.cloud.autoconfigure.ConfigurationPropertiesRebinderAutoConfiguration$$EnhancerBySpringCGLIB$$c692403e] is not eligible for getting processed by all BeanPostProcessors (for example: not eligible for auto-proxying)

  .   ____          _            __ _ _
 /\\ / ___'_ __ _ _(_)_ __  __ _ \ \ \ \
( ( )\___ | '_ | '_| | '_ \/ _` | \ \ \ \
 \\/  ___)| |_)| | | | | || (_| |  ) ) ) )
  '  |____| .__|_| |_|_| |_\__, | / / / /
 =========|_|==============|___/=/_/_/_/
 :: Spring Boot ::        (v2.3.4.RELEASE)

2021-11-30 23:23:53.242  INFO 60323 --- [    Test worker] a.c.service.gif.GifSenderImplTest        : No active profile set, falling back to default profiles: default
2021-11-30 23:23:53.394  INFO 60323 --- [    Test worker] o.s.cloud.context.scope.GenericScope     : BeanFactory id=fdf8ebb9-0d71-303c-ae66-fbb27d86b67e
2021-11-30 23:23:53.408  INFO 60323 --- [    Test worker] ptablePropertiesBeanFactoryPostProcessor : Post-processing PropertySource instances
2021-11-30 23:23:53.408  INFO 60323 --- [    Test worker] c.u.j.EncryptablePropertySourceConverter : Skipping PropertySource configurationProperties [class org.springframework.boot.context.properties.source.ConfigurationPropertySourcesPropertySource
2021-11-30 23:23:53.409  INFO 60323 --- [    Test worker] c.u.j.EncryptablePropertySourceConverter : Converting PropertySource Inlined Test Properties [org.springframework.core.env.MapPropertySource] to EncryptableMapPropertySourceWrapper
2021-11-30 23:23:53.409  INFO 60323 --- [    Test worker] c.u.j.EncryptablePropertySourceConverter : Converting PropertySource systemProperties [org.springframework.core.env.PropertiesPropertySource] to EncryptableMapPropertySourceWrapper
2021-11-30 23:23:53.409  INFO 60323 --- [    Test worker] c.u.j.EncryptablePropertySourceConverter : Converting PropertySource systemEnvironment [org.springframework.boot.env.SystemEnvironmentPropertySourceEnvironmentPostProcessor$OriginAwareSystemEnvironmentPropertySource] to EncryptableSystemEnvironmentPropertySourceWrapper
2021-11-30 23:23:53.409  INFO 60323 --- [    Test worker] c.u.j.EncryptablePropertySourceConverter : Converting PropertySource random [org.springframework.boot.env.RandomValuePropertySource] to EncryptablePropertySourceWrapper
2021-11-30 23:23:53.410  INFO 60323 --- [    Test worker] c.u.j.EncryptablePropertySourceConverter : Converting PropertySource springCloudClientHostInfo [org.springframework.core.env.MapPropertySource] to EncryptableMapPropertySourceWrapper
2021-11-30 23:23:53.410  INFO 60323 --- [    Test worker] c.u.j.EncryptablePropertySourceConverter : Converting PropertySource applicationConfig: [classpath:/application.properties] [org.springframework.boot.env.OriginTrackedMapPropertySource] to EncryptableMapPropertySourceWrapper
2021-11-30 23:23:53.411  INFO 60323 --- [    Test worker] c.u.j.EncryptablePropertySourceConverter : Converting PropertySource springCloudDefaultProperties [org.springframework.core.env.MapPropertySource] to EncryptableMapPropertySourceWrapper
2021-11-30 23:23:53.411  INFO 60323 --- [    Test worker] c.u.j.EncryptablePropertySourceConverter : Converting PropertySource class path resource [application.properties] [org.springframework.core.io.support.ResourcePropertySource] to EncryptableMapPropertySourceWrapper
2021-11-30 23:23:53.434  INFO 60323 --- [    Test worker] trationDelegate$BeanPostProcessorChecker : Bean 'org.springframework.cloud.autoconfigure.ConfigurationPropertiesRebinderAutoConfiguration' of type [org.springframework.cloud.autoconfigure.ConfigurationPropertiesRebinderAutoConfiguration$$EnhancerBySpringCGLIB$$c692403e] is not eligible for getting processed by all BeanPostProcessors (for example: not eligible for auto-proxying)
2021-11-30 23:23:53.516  INFO 60323 --- [    Test worker] c.u.j.filter.DefaultLazyPropertyFilter   : Property Filter custom Bean not found with name 'encryptablePropertyFilter'. Initializing Default Property Filter
2021-11-30 23:23:53.519  INFO 60323 --- [    Test worker] c.u.j.r.DefaultLazyPropertyResolver      : Property Resolver custom Bean not found with name 'encryptablePropertyResolver'. Initializing Default Property Resolver
2021-11-30 23:23:53.520  INFO 60323 --- [    Test worker] c.u.j.d.DefaultLazyPropertyDetector      : Property Detector custom Bean not found with name 'encryptablePropertyDetector'. Initializing Default Property Detector
2021-11-30 23:23:53.579  INFO 60323 --- [    Test worker] c.u.j.encryptor.DefaultLazyEncryptor     : Found Custom Encryptor Bean org.jasypt.encryption.pbe.PooledPBEStringEncryptor@5d7f63d0 with name: jasyptStringEncryptor
2021-11-30 23:23:53.652  WARN 60323 --- [    Test worker] o.s.c.n.a.ArchaiusAutoConfiguration      : Netflix ConfigurationManager has already been installed, unable to re-install
2021-11-30 23:23:53.747  INFO 60323 --- [    Test worker] o.s.s.concurrent.ThreadPoolTaskExecutor  : Initializing ExecutorService 'applicationTaskExecutor'
2021-11-30 23:23:54.950  INFO 60323 --- [    Test worker] o.s.cloud.commons.util.InetUtils         : Cannot determine local hostname
2021-11-30 23:23:55.043  INFO 60323 --- [    Test worker] a.c.service.gif.GifSenderImplTest        : Started GifSenderImplTest in 2.918 seconds (JVM running for 10.527)
2021-11-30 23:23:55.050  INFO 60323 --- [    Test worker] a.currency.service.gif.GifServiceImpl    : Getting gif
2021-11-30 23:23:55.050  INFO 60323 --- [    Test worker] a.currency.service.gif.GifServiceImpl    : Getting endpoint depending of delta
2021-11-30 23:23:55.050  INFO 60323 --- [    Test worker] a.c.s.currency.CurrencyServiceImpl       : Calculating delta for RUB
2021-11-30 23:23:55.051  INFO 60323 --- [    Test worker] a.c.s.currency.CurrencyServiceImpl       : Getting latest price for RUB 
2021-11-30 23:23:56.071  INFO 60323 --- [    Test worker] a.c.s.currency.CurrencyServiceImpl       : Getting yesterday price for RUB 
2021-11-30 23:23:56.621  INFO 60323 --- [    Test worker] a.currency.service.gif.GifSenderImpl     : Getting random gif
2021-11-30 23:23:56.621  INFO 60323 --- [    Test worker] a.currency.service.gif.GifServiceImpl    : Getting gif
2021-11-30 23:23:56.621  INFO 60323 --- [    Test worker] a.currency.service.gif.GifServiceImpl    : Getting endpoint depending of delta
2021-11-30 23:23:56.621  INFO 60323 --- [    Test worker] a.c.s.currency.CurrencyServiceImpl       : Calculating delta for RUB
2021-11-30 23:23:56.621  INFO 60323 --- [    Test worker] a.c.s.currency.CurrencyServiceImpl       : Getting latest price for RUB 
2021-11-30 23:23:56.800  INFO 60323 --- [    Test worker] a.c.s.currency.CurrencyServiceImpl       : Getting yesterday price for RUB 
]]></system-out>
  <system-err><![CDATA[]]></system-err>
</testsuite>
