<?xml version="1.0" encoding="UTF-8"?>
<testsuite name="alpha.currency.clients.CurrencyFeignClientTest" tests="2" skipped="0" failures="0" errors="0" timestamp="2021-11-30T19:23:49" hostname="temapc" time="0.301">
  <properties/>
  <testcase name="getLatest()" classname="alpha.currency.clients.CurrencyFeignClientTest" time="0.253"/>
  <testcase name="getHistorical()" classname="alpha.currency.clients.CurrencyFeignClientTest" time="0.047"/>
  <system-out><![CDATA[2021-11-30 23:23:48.723  INFO 60323 --- [    Test worker] .b.t.c.SpringBootTestContextBootstrapper : Neither @ContextConfiguration nor @ContextHierarchy found for test class [alpha.currency.clients.CurrencyFeignClientTest], using SpringBootContextLoader
2021-11-30 23:23:48.724  INFO 60323 --- [    Test worker] o.s.t.c.support.AbstractContextLoader    : Could not detect default resource locations for test class [alpha.currency.clients.CurrencyFeignClientTest]: no resource found for suffixes {-context.xml, Context.groovy}.
2021-11-30 23:23:48.724  INFO 60323 --- [    Test worker] t.c.s.AnnotationConfigContextLoaderUtils : Could not detect default configuration classes for test class [alpha.currency.clients.CurrencyFeignClientTest]: CurrencyFeignClientTest does not declare any static, non-private, non-final, nested classes annotated with @Configuration.
2021-11-30 23:23:48.732  INFO 60323 --- [    Test worker] .b.t.c.SpringBootTestContextBootstrapper : Found @SpringBootConfiguration alpha.currency.Main for test class alpha.currency.clients.CurrencyFeignClientTest
2021-11-30 23:23:48.734  INFO 60323 --- [    Test worker] .b.t.c.SpringBootTestContextBootstrapper : Loaded default TestExecutionListener class names from location [META-INF/spring.factories]: [org.springframework.boot.test.autoconfigure.restdocs.RestDocsTestExecutionListener, org.springframework.boot.test.autoconfigure.web.client.MockRestServiceServerResetTestExecutionListener, org.springframework.boot.test.autoconfigure.web.servlet.MockMvcPrintOnlyOnFailureTestExecutionListener, org.springframework.boot.test.autoconfigure.web.servlet.WebDriverTestExecutionListener, org.springframework.boot.test.autoconfigure.webservices.client.MockWebServiceServerTestExecutionListener, org.springframework.boot.test.mock.mockito.MockitoTestExecutionListener, org.springframework.boot.test.mock.mockito.ResetMocksTestExecutionListener, org.springframework.test.context.web.ServletTestExecutionListener, org.springframework.test.context.support.DirtiesContextBeforeModesTestExecutionListener, org.springframework.test.context.support.DependencyInjectionTestExecutionListener, org.springframework.test.context.support.DirtiesContextTestExecutionListener, org.springframework.test.context.transaction.TransactionalTestExecutionListener, org.springframework.test.context.jdbc.SqlScriptsTestExecutionListener, org.springframework.test.context.event.EventPublishingTestExecutionListener]
2021-11-30 23:23:48.734  INFO 60323 --- [    Test worker] .b.t.c.SpringBootTestContextBootstrapper : Using TestExecutionListeners: [org.springframework.test.context.web.ServletTestExecutionListener@12291ebf, org.springframework.test.context.support.DirtiesContextBeforeModesTestExecutionListener@565b44d6, org.springframework.boot.test.mock.mockito.MockitoTestExecutionListener@455c087d, org.springframework.boot.test.autoconfigure.SpringBootDependencyInjectionTestExecutionListener@111782eb, org.springframework.test.context.support.DirtiesContextTestExecutionListener@4b11ba90, org.springframework.test.context.event.EventPublishingTestExecutionListener@47e02ad0, org.springframework.boot.test.autoconfigure.restdocs.RestDocsTestExecutionListener@625addb1, org.springframework.boot.test.autoconfigure.web.client.MockRestServiceServerResetTestExecutionListener@4ff71bcb, org.springframework.boot.test.autoconfigure.web.servlet.MockMvcPrintOnlyOnFailureTestExecutionListener@974ed9f, org.springframework.boot.test.autoconfigure.web.servlet.WebDriverTestExecutionListener@4f84f0cb, org.springframework.boot.test.autoconfigure.webservices.client.MockWebServiceServerTestExecutionListener@7b071bdf, org.springframework.boot.test.mock.mockito.ResetMocksTestExecutionListener@cd97e37]
2021-11-30 23:23:48.910  INFO 60323 --- [    Test worker] org.eclipse.jetty.util.log               : Logging initialized @4394ms to org.eclipse.jetty.util.log.Slf4jLog
2021-11-30 23:23:49.002  INFO 60323 --- [    Test worker] org.eclipse.jetty.server.Server          : jetty-9.4.31.v20200723; built: 2020-07-23T17:57:36.812Z; git: 450ba27947e13e66baa8cd1ce7e85a4461cacc1d; jvm 16.0.1+9-Ubuntu-120.04
2021-11-30 23:23:49.013  INFO 60323 --- [    Test worker] o.e.jetty.server.handler.ContextHandler  : Started o.e.j.s.ServletContextHandler@3135c1cc{/__admin,null,AVAILABLE}
2021-11-30 23:23:49.016  INFO 60323 --- [    Test worker] o.e.j.s.handler.ContextHandler.ROOT      : RequestHandlerClass from context returned com.github.tomakehurst.wiremock.http.StubRequestHandler. Normalized mapped under returned 'null'
2021-11-30 23:23:49.016  INFO 60323 --- [    Test worker] o.e.jetty.server.handler.ContextHandler  : Started o.e.j.s.ServletContextHandler@4ae5a285{/,null,AVAILABLE}
2021-11-30 23:23:49.023  INFO 60323 --- [    Test worker] o.e.jetty.server.AbstractConnector       : Started NetworkTrafficServerConnector@2748cacb{HTTP/1.1, (http/1.1, h2c)}{0.0.0.0:8081}
2021-11-30 23:23:49.024  INFO 60323 --- [    Test worker] org.eclipse.jetty.server.Server          : Started @4507ms
2021-11-30 23:23:49.101  INFO 60323 --- [    Test worker] ptablePropertiesBeanFactoryPostProcessor : Post-processing PropertySource instances
2021-11-30 23:23:49.101  INFO 60323 --- [    Test worker] c.u.j.EncryptablePropertySourceConverter : Skipping PropertySource configurationProperties [class org.springframework.boot.context.properties.source.ConfigurationPropertySourcesPropertySource
2021-11-30 23:23:49.101  INFO 60323 --- [    Test worker] c.u.j.EncryptablePropertySourceConverter : Converting PropertySource bootstrap [org.springframework.core.env.MapPropertySource] to EncryptableMapPropertySourceWrapper
2021-11-30 23:23:49.102  INFO 60323 --- [    Test worker] c.u.j.EncryptablePropertySourceConverter : Converting PropertySource Inlined Test Properties [org.springframework.core.env.MapPropertySource] to EncryptableMapPropertySourceWrapper
2021-11-30 23:23:49.102  INFO 60323 --- [    Test worker] c.u.j.EncryptablePropertySourceConverter : Converting PropertySource test [org.springframework.core.env.MapPropertySource] to EncryptableMapPropertySourceWrapper
2021-11-30 23:23:49.102  INFO 60323 --- [    Test worker] c.u.j.EncryptablePropertySourceConverter : Converting PropertySource systemProperties [org.springframework.core.env.PropertiesPropertySource] to EncryptableMapPropertySourceWrapper
2021-11-30 23:23:49.102  INFO 60323 --- [    Test worker] c.u.j.EncryptablePropertySourceConverter : Converting PropertySource systemEnvironment [org.springframework.boot.env.SystemEnvironmentPropertySourceEnvironmentPostProcessor$OriginAwareSystemEnvironmentPropertySource] to EncryptableSystemEnvironmentPropertySourceWrapper
2021-11-30 23:23:49.102  INFO 60323 --- [    Test worker] c.u.j.EncryptablePropertySourceConverter : Converting PropertySource random [org.springframework.boot.env.RandomValuePropertySource] to EncryptablePropertySourceWrapper
2021-11-30 23:23:49.102  INFO 60323 --- [    Test worker] c.u.j.EncryptablePropertySourceConverter : Converting PropertySource springCloudClientHostInfo [org.springframework.core.env.MapPropertySource] to EncryptableMapPropertySourceWrapper
2021-11-30 23:23:49.104  INFO 60323 --- [    Test worker] trationDelegate$BeanPostProcessorChecker : Bean 'org.springframework.cloud.autoconfigure.ConfigurationPropertiesRebinderAutoConfiguration' of type [org.springframework.cloud.autoconfigure.ConfigurationPropertiesRebinderAutoConfiguration$$EnhancerBySpringCGLIB$$c692403e] is not eligible for getting processed by all BeanPostProcessors (for example: not eligible for auto-proxying)

  .   ____          _            __ _ _
 /\\ / ___'_ __ _ _(_)_ __  __ _ \ \ \ \
( ( )\___ | '_ | '_| | '_ \/ _` | \ \ \ \
 \\/  ___)| |_)| | | | | || (_| |  ) ) ) )
  '  |____| .__|_| |_|_| |_\__, | / / / /
 =========|_|==============|___/=/_/_/_/
 :: Spring Boot ::        (v2.3.4.RELEASE)

2021-11-30 23:23:49.155  INFO 60323 --- [    Test worker] a.c.clients.CurrencyFeignClientTest      : The following profiles are active: test
2021-11-30 23:23:49.319  INFO 60323 --- [    Test worker] o.s.cloud.context.scope.GenericScope     : BeanFactory id=def4af34-e97b-3f40-b869-299891411cc9
2021-11-30 23:23:49.332  INFO 60323 --- [    Test worker] ptablePropertiesBeanFactoryPostProcessor : Post-processing PropertySource instances
2021-11-30 23:23:49.332  INFO 60323 --- [    Test worker] c.u.j.EncryptablePropertySourceConverter : Converting PropertySource Annotations [org.springframework.boot.test.autoconfigure.properties.AnnotationsPropertySource] to EncryptableEnumerablePropertySourceWrapper
2021-11-30 23:23:49.333  INFO 60323 --- [    Test worker] c.u.j.EncryptablePropertySourceConverter : Skipping PropertySource configurationProperties [class org.springframework.boot.context.properties.source.ConfigurationPropertySourcesPropertySource
2021-11-30 23:23:49.333  INFO 60323 --- [    Test worker] c.u.j.EncryptablePropertySourceConverter : Converting PropertySource Inlined Test Properties [org.springframework.core.env.MapPropertySource] to EncryptableMapPropertySourceWrapper
2021-11-30 23:23:49.333  INFO 60323 --- [    Test worker] c.u.j.EncryptablePropertySourceConverter : Converting PropertySource test [org.springframework.core.env.MapPropertySource] to EncryptableMapPropertySourceWrapper
2021-11-30 23:23:49.333  INFO 60323 --- [    Test worker] c.u.j.EncryptablePropertySourceConverter : Converting PropertySource systemProperties [org.springframework.core.env.PropertiesPropertySource] to EncryptableMapPropertySourceWrapper
2021-11-30 23:23:49.333  INFO 60323 --- [    Test worker] c.u.j.EncryptablePropertySourceConverter : Converting PropertySource systemEnvironment [org.springframework.boot.env.SystemEnvironmentPropertySourceEnvironmentPostProcessor$OriginAwareSystemEnvironmentPropertySource] to EncryptableSystemEnvironmentPropertySourceWrapper
2021-11-30 23:23:49.333  INFO 60323 --- [    Test worker] c.u.j.EncryptablePropertySourceConverter : Converting PropertySource random [org.springframework.boot.env.RandomValuePropertySource] to EncryptablePropertySourceWrapper
2021-11-30 23:23:49.333  INFO 60323 --- [    Test worker] c.u.j.EncryptablePropertySourceConverter : Converting PropertySource springCloudClientHostInfo [org.springframework.core.env.MapPropertySource] to EncryptableMapPropertySourceWrapper
2021-11-30 23:23:49.333  INFO 60323 --- [    Test worker] c.u.j.EncryptablePropertySourceConverter : Converting PropertySource applicationConfig: [classpath:/application-test.properties] [org.springframework.boot.env.OriginTrackedMapPropertySource] to EncryptableMapPropertySourceWrapper
2021-11-30 23:23:49.333  INFO 60323 --- [    Test worker] c.u.j.EncryptablePropertySourceConverter : Converting PropertySource applicationConfig: [classpath:/application.properties] [org.springframework.boot.env.OriginTrackedMapPropertySource] to EncryptableMapPropertySourceWrapper
2021-11-30 23:23:49.333  INFO 60323 --- [    Test worker] c.u.j.EncryptablePropertySourceConverter : Converting PropertySource springCloudDefaultProperties [org.springframework.core.env.MapPropertySource] to EncryptableMapPropertySourceWrapper
2021-11-30 23:23:49.333  INFO 60323 --- [    Test worker] c.u.j.EncryptablePropertySourceConverter : Converting PropertySource class path resource [application.properties] [org.springframework.core.io.support.ResourcePropertySource] to EncryptableMapPropertySourceWrapper
2021-11-30 23:23:49.349  INFO 60323 --- [    Test worker] trationDelegate$BeanPostProcessorChecker : Bean 'org.springframework.cloud.autoconfigure.ConfigurationPropertiesRebinderAutoConfiguration' of type [org.springframework.cloud.autoconfigure.ConfigurationPropertiesRebinderAutoConfiguration$$EnhancerBySpringCGLIB$$c692403e] is not eligible for getting processed by all BeanPostProcessors (for example: not eligible for auto-proxying)
2021-11-30 23:23:49.422  INFO 60323 --- [    Test worker] c.u.j.filter.DefaultLazyPropertyFilter   : Property Filter custom Bean not found with name 'encryptablePropertyFilter'. Initializing Default Property Filter
2021-11-30 23:23:49.427  INFO 60323 --- [    Test worker] c.u.j.r.DefaultLazyPropertyResolver      : Property Resolver custom Bean not found with name 'encryptablePropertyResolver'. Initializing Default Property Resolver
2021-11-30 23:23:49.427  INFO 60323 --- [    Test worker] c.u.j.d.DefaultLazyPropertyDetector      : Property Detector custom Bean not found with name 'encryptablePropertyDetector'. Initializing Default Property Detector
2021-11-30 23:23:49.473  INFO 60323 --- [    Test worker] c.u.j.encryptor.DefaultLazyEncryptor     : Found Custom Encryptor Bean org.jasypt.encryption.pbe.PooledPBEStringEncryptor@7f2325a0 with name: jasyptStringEncryptor
2021-11-30 23:23:49.522  WARN 60323 --- [    Test worker] o.s.c.n.a.ArchaiusAutoConfiguration      : Netflix ConfigurationManager has already been installed, unable to re-install
2021-11-30 23:23:49.575  INFO 60323 --- [    Test worker] o.s.s.concurrent.ThreadPoolTaskExecutor  : Initializing ExecutorService 'applicationTaskExecutor'
2021-11-30 23:23:49.687  INFO 60323 --- [    Test worker] o.s.b.t.m.w.SpringBootMockServletContext : Initializing Spring TestDispatcherServlet ''
2021-11-30 23:23:49.687  INFO 60323 --- [    Test worker] o.s.t.web.servlet.TestDispatcherServlet  : Initializing Servlet ''
2021-11-30 23:23:49.695  INFO 60323 --- [    Test worker] o.s.t.web.servlet.TestDispatcherServlet  : Completed initialization in 8 ms
2021-11-30 23:23:49.789  INFO 60323 --- [    Test worker] a.c.clients.CurrencyFeignClientTest      : Started CurrencyFeignClientTest in 0.758 seconds (JVM running for 5.273)
2021-11-30 23:23:49.926  INFO 60323 --- [qtp618892891-31] o.e.j.s.handler.ContextHandler.__admin   : RequestHandlerClass from context returned com.github.tomakehurst.wiremock.http.AdminRequestHandler. Normalized mapped under returned 'null'
2021-11-30 23:23:50.085 ERROR 60323 --- [qtp618892891-30] WireMock                                 : 
                                               Request was not matched
                                               =======================

-----------------------------------------------------------------------------------------------------------------------
| Closest stub                                             | Request                                                  |
-----------------------------------------------------------------------------------------------------------------------
                                                           |
GET                                                        | GET
[path] /historical/11232341/.json                          | /historical/11232341.json                           <<<<< URL does not match
                                                           |
                                                           |
-----------------------------------------------------------------------------------------------------------------------

]]></system-out>
  <system-err><![CDATA[]]></system-err>
</testsuite>
