<?xml version="1.0" encoding="UTF-8"?>
<testsuite name="alpha.currency.service.gif.GifSenderImplTest" tests="2" skipped="0" failures="0" errors="0" timestamp="2021-11-30T18:46:37" hostname="temapc" time="1.288">
  <properties/>
  <testcase name="getGifByCurrency()" classname="alpha.currency.service.gif.GifSenderImplTest" time="0.664"/>
  <testcase name="getGirUrlByCurrency()" classname="alpha.currency.service.gif.GifSenderImplTest" time="0.61"/>
  <system-out><![CDATA[2021-11-30 22:46:36.976  INFO 51757 --- [    Test worker] .b.t.c.SpringBootTestContextBootstrapper : Neither @ContextConfiguration nor @ContextHierarchy found for test class [alpha.currency.service.gif.GifSenderImplTest], using SpringBootContextLoader
2021-11-30 22:46:36.979  INFO 51757 --- [    Test worker] o.s.t.c.support.AbstractContextLoader    : Could not detect default resource locations for test class [alpha.currency.service.gif.GifSenderImplTest]: no resource found for suffixes {-context.xml, Context.groovy}.
2021-11-30 22:46:36.979  INFO 51757 --- [    Test worker] t.c.s.AnnotationConfigContextLoaderUtils : Could not detect default configuration classes for test class [alpha.currency.service.gif.GifSenderImplTest]: GifSenderImplTest does not declare any static, non-private, non-final, nested classes annotated with @Configuration.
2021-11-30 22:46:36.982  INFO 51757 --- [    Test worker] .b.t.c.SpringBootTestContextBootstrapper : Found @SpringBootConfiguration alpha.currency.Main for test class alpha.currency.service.gif.GifSenderImplTest
2021-11-30 22:46:36.984  INFO 51757 --- [    Test worker] .b.t.c.SpringBootTestContextBootstrapper : Loaded default TestExecutionListener class names from location [META-INF/spring.factories]: [org.springframework.boot.test.autoconfigure.restdocs.RestDocsTestExecutionListener, org.springframework.boot.test.autoconfigure.web.client.MockRestServiceServerResetTestExecutionListener, org.springframework.boot.test.autoconfigure.web.servlet.MockMvcPrintOnlyOnFailureTestExecutionListener, org.springframework.boot.test.autoconfigure.web.servlet.WebDriverTestExecutionListener, org.springframework.boot.test.autoconfigure.webservices.client.MockWebServiceServerTestExecutionListener, org.springframework.boot.test.mock.mockito.MockitoTestExecutionListener, org.springframework.boot.test.mock.mockito.ResetMocksTestExecutionListener, org.springframework.test.context.web.ServletTestExecutionListener, org.springframework.test.context.support.DirtiesContextBeforeModesTestExecutionListener, org.springframework.test.context.support.DependencyInjectionTestExecutionListener, org.springframework.test.context.support.DirtiesContextTestExecutionListener, org.springframework.test.context.transaction.TransactionalTestExecutionListener, org.springframework.test.context.jdbc.SqlScriptsTestExecutionListener, org.springframework.test.context.event.EventPublishingTestExecutionListener]
2021-11-30 22:46:36.987  INFO 51757 --- [    Test worker] .b.t.c.SpringBootTestContextBootstrapper : Using TestExecutionListeners: [org.springframework.test.context.web.ServletTestExecutionListener@667d42aa, org.springframework.test.context.support.DirtiesContextBeforeModesTestExecutionListener@38d048b, org.springframework.boot.test.mock.mockito.MockitoTestExecutionListener@29405097, org.springframework.boot.test.autoconfigure.SpringBootDependencyInjectionTestExecutionListener@5eb3ddc5, org.springframework.test.context.support.DirtiesContextTestExecutionListener@52d7bcab, org.springframework.test.context.event.EventPublishingTestExecutionListener@39955326, org.springframework.boot.test.autoconfigure.restdocs.RestDocsTestExecutionListener@12fa786b, org.springframework.boot.test.autoconfigure.web.client.MockRestServiceServerResetTestExecutionListener@52e7c204, org.springframework.boot.test.autoconfigure.web.servlet.MockMvcPrintOnlyOnFailureTestExecutionListener@3dba0e17, org.springframework.boot.test.autoconfigure.web.servlet.WebDriverTestExecutionListener@2e2576e5, org.springframework.boot.test.autoconfigure.webservices.client.MockWebServiceServerTestExecutionListener@6f5d6a6a, org.springframework.boot.test.mock.mockito.ResetMocksTestExecutionListener@3467267]
2021-11-30 22:46:37.110  INFO 51757 --- [    Test worker] a.currency.service.gif.GifServiceImpl    : Getting gif
2021-11-30 22:46:37.111  INFO 51757 --- [    Test worker] a.currency.service.gif.GifServiceImpl    : Getting endpoint depending of delta
2021-11-30 22:46:37.111  INFO 51757 --- [    Test worker] a.c.s.currency.CurrencyServiceImpl       : Calculating delta for RUB
2021-11-30 22:46:37.111  INFO 51757 --- [    Test worker] a.c.s.currency.CurrencyServiceImpl       : Getting latest price for RUB 
2021-11-30 22:46:37.288  INFO 51757 --- [    Test worker] a.c.s.currency.CurrencyServiceImpl       : Getting yesterday price for RUB 
2021-11-30 22:46:37.788  INFO 51757 --- [    Test worker] a.currency.service.gif.GifSenderImpl     : Getting random gif
2021-11-30 22:46:37.788  INFO 51757 --- [    Test worker] a.currency.service.gif.GifServiceImpl    : Getting gif
2021-11-30 22:46:37.788  INFO 51757 --- [    Test worker] a.currency.service.gif.GifServiceImpl    : Getting endpoint depending of delta
2021-11-30 22:46:37.788  INFO 51757 --- [    Test worker] a.c.s.currency.CurrencyServiceImpl       : Calculating delta for RUB
2021-11-30 22:46:37.788  INFO 51757 --- [    Test worker] a.c.s.currency.CurrencyServiceImpl       : Getting latest price for RUB 
2021-11-30 22:46:37.964  INFO 51757 --- [    Test worker] a.c.s.currency.CurrencyServiceImpl       : Getting yesterday price for RUB 
]]></system-out>
  <system-err><![CDATA[]]></system-err>
</testsuite>
