<?xml version="1.0" encoding="UTF-8"?>
<testsuite name="alpha.currency.controller.GifControllerTest" tests="1" skipped="0" failures="0" errors="0" timestamp="2021-11-30T19:23:59" hostname="temapc" time="0.091">
  <properties/>
  <testcase name="getGif()" classname="alpha.currency.controller.GifControllerTest" time="0.091"/>
  <system-out><![CDATA[2021-11-30 23:23:58.516  INFO 60323 --- [    Test worker] .b.t.c.SpringBootTestContextBootstrapper : Neither @ContextConfiguration nor @ContextHierarchy found for test class [alpha.currency.controller.GifControllerTest], using SpringBootContextLoader
2021-11-30 23:23:58.518  INFO 60323 --- [    Test worker] o.s.t.c.support.AbstractContextLoader    : Could not detect default resource locations for test class [alpha.currency.controller.GifControllerTest]: no resource found for suffixes {-context.xml, Context.groovy}.
2021-11-30 23:23:58.518  INFO 60323 --- [    Test worker] t.c.s.AnnotationConfigContextLoaderUtils : Could not detect default configuration classes for test class [alpha.currency.controller.GifControllerTest]: GifControllerTest does not declare any static, non-private, non-final, nested classes annotated with @Configuration.
2021-11-30 23:23:58.528  INFO 60323 --- [    Test worker] .b.t.c.SpringBootTestContextBootstrapper : Found @SpringBootConfiguration alpha.currency.Main for test class alpha.currency.controller.GifControllerTest
2021-11-30 23:23:58.531  INFO 60323 --- [    Test worker] .b.t.c.SpringBootTestContextBootstrapper : Loaded default TestExecutionListener class names from location [META-INF/spring.factories]: [org.springframework.boot.test.autoconfigure.restdocs.RestDocsTestExecutionListener, org.springframework.boot.test.autoconfigure.web.client.MockRestServiceServerResetTestExecutionListener, org.springframework.boot.test.autoconfigure.web.servlet.MockMvcPrintOnlyOnFailureTestExecutionListener, org.springframework.boot.test.autoconfigure.web.servlet.WebDriverTestExecutionListener, org.springframework.boot.test.autoconfigure.webservices.client.MockWebServiceServerTestExecutionListener, org.springframework.boot.test.mock.mockito.MockitoTestExecutionListener, org.springframework.boot.test.mock.mockito.ResetMocksTestExecutionListener, org.springframework.test.context.web.ServletTestExecutionListener, org.springframework.test.context.support.DirtiesContextBeforeModesTestExecutionListener, org.springframework.test.context.support.DependencyInjectionTestExecutionListener, org.springframework.test.context.support.DirtiesContextTestExecutionListener, org.springframework.test.context.transaction.TransactionalTestExecutionListener, org.springframework.test.context.jdbc.SqlScriptsTestExecutionListener, org.springframework.test.context.event.EventPublishingTestExecutionListener]
2021-11-30 23:23:58.533  INFO 60323 --- [    Test worker] .b.t.c.SpringBootTestContextBootstrapper : Using TestExecutionListeners: [org.springframework.test.context.web.ServletTestExecutionListener@3de7906d, org.springframework.test.context.support.DirtiesContextBeforeModesTestExecutionListener@3a88cfa5, org.springframework.boot.test.mock.mockito.MockitoTestExecutionListener@22a2abf0, org.springframework.boot.test.autoconfigure.SpringBootDependencyInjectionTestExecutionListener@76dacd4, org.springframework.test.context.support.DirtiesContextTestExecutionListener@68820ac, org.springframework.test.context.event.EventPublishingTestExecutionListener@7a81323f, org.springframework.boot.test.autoconfigure.restdocs.RestDocsTestExecutionListener@4dcbfbb4, org.springframework.boot.test.autoconfigure.web.client.MockRestServiceServerResetTestExecutionListener@272af5d5, org.springframework.boot.test.autoconfigure.web.servlet.MockMvcPrintOnlyOnFailureTestExecutionListener@60e02cdc, org.springframework.boot.test.autoconfigure.web.servlet.WebDriverTestExecutionListener@1303ea35, org.springframework.boot.test.autoconfigure.webservices.client.MockWebServiceServerTestExecutionListener@107a5ba, org.springframework.boot.test.mock.mockito.ResetMocksTestExecutionListener@71737c12]
2021-11-30 23:23:58.607  INFO 60323 --- [    Test worker] ptablePropertiesBeanFactoryPostProcessor : Post-processing PropertySource instances
2021-11-30 23:23:58.608  INFO 60323 --- [    Test worker] c.u.j.EncryptablePropertySourceConverter : Skipping PropertySource configurationProperties [class org.springframework.boot.context.properties.source.ConfigurationPropertySourcesPropertySource
2021-11-30 23:23:58.608  INFO 60323 --- [    Test worker] c.u.j.EncryptablePropertySourceConverter : Converting PropertySource bootstrap [org.springframework.core.env.MapPropertySource] to EncryptableMapPropertySourceWrapper
2021-11-30 23:23:58.608  INFO 60323 --- [    Test worker] c.u.j.EncryptablePropertySourceConverter : Converting PropertySource Inlined Test Properties [org.springframework.core.env.MapPropertySource] to EncryptableMapPropertySourceWrapper
2021-11-30 23:23:58.608  INFO 60323 --- [    Test worker] c.u.j.EncryptablePropertySourceConverter : Converting PropertySource systemProperties [org.springframework.core.env.PropertiesPropertySource] to EncryptableMapPropertySourceWrapper
2021-11-30 23:23:58.608  INFO 60323 --- [    Test worker] c.u.j.EncryptablePropertySourceConverter : Converting PropertySource systemEnvironment [org.springframework.boot.env.SystemEnvironmentPropertySourceEnvironmentPostProcessor$OriginAwareSystemEnvironmentPropertySource] to EncryptableSystemEnvironmentPropertySourceWrapper
2021-11-30 23:23:58.608  INFO 60323 --- [    Test worker] c.u.j.EncryptablePropertySourceConverter : Converting PropertySource random [org.springframework.boot.env.RandomValuePropertySource] to EncryptablePropertySourceWrapper
2021-11-30 23:23:58.608  INFO 60323 --- [    Test worker] c.u.j.EncryptablePropertySourceConverter : Converting PropertySource springCloudClientHostInfo [org.springframework.core.env.MapPropertySource] to EncryptableMapPropertySourceWrapper
2021-11-30 23:23:58.611  INFO 60323 --- [    Test worker] trationDelegate$BeanPostProcessorChecker : Bean 'org.springframework.cloud.autoconfigure.ConfigurationPropertiesRebinderAutoConfiguration' of type [org.springframework.cloud.autoconfigure.ConfigurationPropertiesRebinderAutoConfiguration$$EnhancerBySpringCGLIB$$c692403e] is not eligible for getting processed by all BeanPostProcessors (for example: not eligible for auto-proxying)

  .   ____          _            __ _ _
 /\\ / ___'_ __ _ _(_)_ __  __ _ \ \ \ \
( ( )\___ | '_ | '_| | '_ \/ _` | \ \ \ \
 \\/  ___)| |_)| | | | | || (_| |  ) ) ) )
  '  |____| .__|_| |_|_| |_\__, | / / / /
 =========|_|==============|___/=/_/_/_/
 :: Spring Boot ::        (v2.3.4.RELEASE)

2021-11-30 23:23:58.664  INFO 60323 --- [    Test worker] a.currency.controller.GifControllerTest  : No active profile set, falling back to default profiles: default
2021-11-30 23:23:58.860  INFO 60323 --- [    Test worker] o.s.cloud.context.scope.GenericScope     : BeanFactory id=def4af34-e97b-3f40-b869-299891411cc9
2021-11-30 23:23:58.875  INFO 60323 --- [    Test worker] ptablePropertiesBeanFactoryPostProcessor : Post-processing PropertySource instances
2021-11-30 23:23:58.875  INFO 60323 --- [    Test worker] c.u.j.EncryptablePropertySourceConverter : Converting PropertySource Annotations [org.springframework.boot.test.autoconfigure.properties.AnnotationsPropertySource] to EncryptableEnumerablePropertySourceWrapper
2021-11-30 23:23:58.875  INFO 60323 --- [    Test worker] c.u.j.EncryptablePropertySourceConverter : Skipping PropertySource configurationProperties [class org.springframework.boot.context.properties.source.ConfigurationPropertySourcesPropertySource
2021-11-30 23:23:58.876  INFO 60323 --- [    Test worker] c.u.j.EncryptablePropertySourceConverter : Converting PropertySource Inlined Test Properties [org.springframework.core.env.MapPropertySource] to EncryptableMapPropertySourceWrapper
2021-11-30 23:23:58.876  INFO 60323 --- [    Test worker] c.u.j.EncryptablePropertySourceConverter : Converting PropertySource systemProperties [org.springframework.core.env.PropertiesPropertySource] to EncryptableMapPropertySourceWrapper
2021-11-30 23:23:58.876  INFO 60323 --- [    Test worker] c.u.j.EncryptablePropertySourceConverter : Converting PropertySource systemEnvironment [org.springframework.boot.env.SystemEnvironmentPropertySourceEnvironmentPostProcessor$OriginAwareSystemEnvironmentPropertySource] to EncryptableSystemEnvironmentPropertySourceWrapper
2021-11-30 23:23:58.876  INFO 60323 --- [    Test worker] c.u.j.EncryptablePropertySourceConverter : Converting PropertySource random [org.springframework.boot.env.RandomValuePropertySource] to EncryptablePropertySourceWrapper
2021-11-30 23:23:58.876  INFO 60323 --- [    Test worker] c.u.j.EncryptablePropertySourceConverter : Converting PropertySource springCloudClientHostInfo [org.springframework.core.env.MapPropertySource] to EncryptableMapPropertySourceWrapper
2021-11-30 23:23:58.877  INFO 60323 --- [    Test worker] c.u.j.EncryptablePropertySourceConverter : Converting PropertySource applicationConfig: [classpath:/application.properties] [org.springframework.boot.env.OriginTrackedMapPropertySource] to EncryptableMapPropertySourceWrapper
2021-11-30 23:23:58.877  INFO 60323 --- [    Test worker] c.u.j.EncryptablePropertySourceConverter : Converting PropertySource springCloudDefaultProperties [org.springframework.core.env.MapPropertySource] to EncryptableMapPropertySourceWrapper
2021-11-30 23:23:58.877  INFO 60323 --- [    Test worker] c.u.j.EncryptablePropertySourceConverter : Converting PropertySource class path resource [application.properties] [org.springframework.core.io.support.ResourcePropertySource] to EncryptableMapPropertySourceWrapper
2021-11-30 23:23:58.917  INFO 60323 --- [    Test worker] trationDelegate$BeanPostProcessorChecker : Bean 'org.springframework.cloud.autoconfigure.ConfigurationPropertiesRebinderAutoConfiguration' of type [org.springframework.cloud.autoconfigure.ConfigurationPropertiesRebinderAutoConfiguration$$EnhancerBySpringCGLIB$$c692403e] is not eligible for getting processed by all BeanPostProcessors (for example: not eligible for auto-proxying)
2021-11-30 23:23:59.003  INFO 60323 --- [    Test worker] c.u.j.filter.DefaultLazyPropertyFilter   : Property Filter custom Bean not found with name 'encryptablePropertyFilter'. Initializing Default Property Filter
2021-11-30 23:23:59.014  INFO 60323 --- [    Test worker] c.u.j.r.DefaultLazyPropertyResolver      : Property Resolver custom Bean not found with name 'encryptablePropertyResolver'. Initializing Default Property Resolver
2021-11-30 23:23:59.014  INFO 60323 --- [    Test worker] c.u.j.d.DefaultLazyPropertyDetector      : Property Detector custom Bean not found with name 'encryptablePropertyDetector'. Initializing Default Property Detector
2021-11-30 23:23:59.081  INFO 60323 --- [    Test worker] c.u.j.encryptor.DefaultLazyEncryptor     : Found Custom Encryptor Bean org.jasypt.encryption.pbe.PooledPBEStringEncryptor@1ca132a9 with name: jasyptStringEncryptor
2021-11-30 23:23:59.153  WARN 60323 --- [    Test worker] o.s.c.n.a.ArchaiusAutoConfiguration      : Netflix ConfigurationManager has already been installed, unable to re-install
2021-11-30 23:23:59.234  INFO 60323 --- [    Test worker] o.s.s.concurrent.ThreadPoolTaskExecutor  : Initializing ExecutorService 'applicationTaskExecutor'
2021-11-30 23:23:59.400  INFO 60323 --- [    Test worker] o.s.b.t.m.w.SpringBootMockServletContext : Initializing Spring TestDispatcherServlet ''
2021-11-30 23:23:59.400  INFO 60323 --- [    Test worker] o.s.t.web.servlet.TestDispatcherServlet  : Initializing Servlet ''
2021-11-30 23:23:59.409  INFO 60323 --- [    Test worker] o.s.t.web.servlet.TestDispatcherServlet  : Completed initialization in 9 ms
2021-11-30 23:23:59.537  INFO 60323 --- [    Test worker] a.currency.controller.GifControllerTest  : Started GifControllerTest in 1.001 seconds (JVM running for 15.021)
2021-11-30 23:23:59.586  INFO 60323 --- [    Test worker] alpha.currency.controller.GifController  : Getting gif.json from controller

MockHttpServletRequest:
      HTTP Method = GET
      Request URI = /gif.json
       Parameters = {currency=[RUB]}
          Headers = []
             Body = null
    Session Attrs = {}

Handler:
             Type = alpha.currency.controller.GifController
           Method = alpha.currency.controller.GifController#getGif(String)

Async:
    Async started = false
     Async result = null

Resolved Exception:
             Type = null

ModelAndView:
        View name = null
             View = null
            Model = null

FlashMap:
       Attributes = null

MockHttpServletResponse:
           Status = 200
    Error message = null
          Headers = [Content-Type:"application/json"]
     Content type = application/json
             Body = {"type":null,"id":null,"url":null,"images":null}
    Forwarded URL = null
   Redirected URL = null
          Cookies = []
]]></system-out>
  <system-err><![CDATA[]]></system-err>
</testsuite>
