<?xml version="1.0" encoding="UTF-8"?>
<testsuite name="alpha.currency.service.gif.GifServiceImplTest" tests="2" skipped="0" failures="0" errors="0" timestamp="2021-11-30T19:23:50" hostname="temapc" time="1.241">
  <properties/>
  <testcase name="shouldGetGif()" classname="alpha.currency.service.gif.GifServiceImplTest" time="1.203"/>
  <testcase name="shouldReturnEndpointDependingOnDelta()" classname="alpha.currency.service.gif.GifServiceImplTest" time="0.037"/>
  <system-out><![CDATA[2021-11-30 23:23:50.142  INFO 60323 --- [    Test worker] .b.t.c.SpringBootTestContextBootstrapper : Neither @ContextConfiguration nor @ContextHierarchy found for test class [alpha.currency.service.gif.GifServiceImplTest], using SpringBootContextLoader
2021-11-30 23:23:50.144  INFO 60323 --- [    Test worker] o.s.t.c.support.AbstractContextLoader    : Could not detect default resource locations for test class [alpha.currency.service.gif.GifServiceImplTest]: no resource found for suffixes {-context.xml, Context.groovy}.
2021-11-30 23:23:50.144  INFO 60323 --- [    Test worker] t.c.s.AnnotationConfigContextLoaderUtils : Could not detect default configuration classes for test class [alpha.currency.service.gif.GifServiceImplTest]: GifServiceImplTest does not declare any static, non-private, non-final, nested classes annotated with @Configuration.
2021-11-30 23:23:50.147  INFO 60323 --- [    Test worker] .b.t.c.SpringBootTestContextBootstrapper : Found @SpringBootConfiguration alpha.currency.Main for test class alpha.currency.service.gif.GifServiceImplTest
2021-11-30 23:23:50.148  INFO 60323 --- [    Test worker] .b.t.c.SpringBootTestContextBootstrapper : Loaded default TestExecutionListener class names from location [META-INF/spring.factories]: [org.springframework.boot.test.autoconfigure.restdocs.RestDocsTestExecutionListener, org.springframework.boot.test.autoconfigure.web.client.MockRestServiceServerResetTestExecutionListener, org.springframework.boot.test.autoconfigure.web.servlet.MockMvcPrintOnlyOnFailureTestExecutionListener, org.springframework.boot.test.autoconfigure.web.servlet.WebDriverTestExecutionListener, org.springframework.boot.test.autoconfigure.webservices.client.MockWebServiceServerTestExecutionListener, org.springframework.boot.test.mock.mockito.MockitoTestExecutionListener, org.springframework.boot.test.mock.mockito.ResetMocksTestExecutionListener, org.springframework.test.context.web.ServletTestExecutionListener, org.springframework.test.context.support.DirtiesContextBeforeModesTestExecutionListener, org.springframework.test.context.support.DependencyInjectionTestExecutionListener, org.springframework.test.context.support.DirtiesContextTestExecutionListener, org.springframework.test.context.transaction.TransactionalTestExecutionListener, org.springframework.test.context.jdbc.SqlScriptsTestExecutionListener, org.springframework.test.context.event.EventPublishingTestExecutionListener]
2021-11-30 23:23:50.149  INFO 60323 --- [    Test worker] .b.t.c.SpringBootTestContextBootstrapper : Using TestExecutionListeners: [org.springframework.test.context.web.ServletTestExecutionListener@17898f23, org.springframework.test.context.support.DirtiesContextBeforeModesTestExecutionListener@1d57863e, org.springframework.boot.test.mock.mockito.MockitoTestExecutionListener@7cfe5dcc, org.springframework.boot.test.autoconfigure.SpringBootDependencyInjectionTestExecutionListener@53a5ef83, org.springframework.test.context.support.DirtiesContextTestExecutionListener@88e9243, org.springframework.test.context.event.EventPublishingTestExecutionListener@29c9831a, org.springframework.boot.test.autoconfigure.restdocs.RestDocsTestExecutionListener@27d7abd2, org.springframework.boot.test.autoconfigure.web.client.MockRestServiceServerResetTestExecutionListener@5bf2815c, org.springframework.boot.test.autoconfigure.web.servlet.MockMvcPrintOnlyOnFailureTestExecutionListener@27920ceb, org.springframework.boot.test.autoconfigure.web.servlet.WebDriverTestExecutionListener@42269a50, org.springframework.boot.test.autoconfigure.webservices.client.MockWebServiceServerTestExecutionListener@583530fd, org.springframework.boot.test.mock.mockito.ResetMocksTestExecutionListener@1782a2c6]
2021-11-30 23:23:50.200  INFO 60323 --- [    Test worker] ptablePropertiesBeanFactoryPostProcessor : Post-processing PropertySource instances
2021-11-30 23:23:50.201  INFO 60323 --- [    Test worker] c.u.j.EncryptablePropertySourceConverter : Skipping PropertySource configurationProperties [class org.springframework.boot.context.properties.source.ConfigurationPropertySourcesPropertySource
2021-11-30 23:23:50.201  INFO 60323 --- [    Test worker] c.u.j.EncryptablePropertySourceConverter : Converting PropertySource bootstrap [org.springframework.core.env.MapPropertySource] to EncryptableMapPropertySourceWrapper
2021-11-30 23:23:50.201  INFO 60323 --- [    Test worker] c.u.j.EncryptablePropertySourceConverter : Converting PropertySource Inlined Test Properties [org.springframework.core.env.MapPropertySource] to EncryptableMapPropertySourceWrapper
2021-11-30 23:23:50.201  INFO 60323 --- [    Test worker] c.u.j.EncryptablePropertySourceConverter : Converting PropertySource systemProperties [org.springframework.core.env.PropertiesPropertySource] to EncryptableMapPropertySourceWrapper
2021-11-30 23:23:50.201  INFO 60323 --- [    Test worker] c.u.j.EncryptablePropertySourceConverter : Converting PropertySource systemEnvironment [org.springframework.boot.env.SystemEnvironmentPropertySourceEnvironmentPostProcessor$OriginAwareSystemEnvironmentPropertySource] to EncryptableSystemEnvironmentPropertySourceWrapper
2021-11-30 23:23:50.201  INFO 60323 --- [    Test worker] c.u.j.EncryptablePropertySourceConverter : Converting PropertySource random [org.springframework.boot.env.RandomValuePropertySource] to EncryptablePropertySourceWrapper
2021-11-30 23:23:50.201  INFO 60323 --- [    Test worker] c.u.j.EncryptablePropertySourceConverter : Converting PropertySource springCloudClientHostInfo [org.springframework.core.env.MapPropertySource] to EncryptableMapPropertySourceWrapper
2021-11-30 23:23:50.203  INFO 60323 --- [    Test worker] trationDelegate$BeanPostProcessorChecker : Bean 'org.springframework.cloud.autoconfigure.ConfigurationPropertiesRebinderAutoConfiguration' of type [org.springframework.cloud.autoconfigure.ConfigurationPropertiesRebinderAutoConfiguration$$EnhancerBySpringCGLIB$$c692403e] is not eligible for getting processed by all BeanPostProcessors (for example: not eligible for auto-proxying)

  .   ____          _            __ _ _
 /\\ / ___'_ __ _ _(_)_ __  __ _ \ \ \ \
( ( )\___ | '_ | '_| | '_ \/ _` | \ \ \ \
 \\/  ___)| |_)| | | | | || (_| |  ) ) ) )
  '  |____| .__|_| |_|_| |_\__, | / / / /
 =========|_|==============|___/=/_/_/_/
 :: Spring Boot ::        (v2.3.4.RELEASE)

2021-11-30 23:23:50.249  INFO 60323 --- [    Test worker] a.c.service.gif.GifServiceImplTest       : No active profile set, falling back to default profiles: default
2021-11-30 23:23:50.361  INFO 60323 --- [    Test worker] o.s.cloud.context.scope.GenericScope     : BeanFactory id=fdf8ebb9-0d71-303c-ae66-fbb27d86b67e
2021-11-30 23:23:50.371  INFO 60323 --- [    Test worker] ptablePropertiesBeanFactoryPostProcessor : Post-processing PropertySource instances
2021-11-30 23:23:50.371  INFO 60323 --- [    Test worker] c.u.j.EncryptablePropertySourceConverter : Skipping PropertySource configurationProperties [class org.springframework.boot.context.properties.source.ConfigurationPropertySourcesPropertySource
2021-11-30 23:23:50.371  INFO 60323 --- [    Test worker] c.u.j.EncryptablePropertySourceConverter : Converting PropertySource Inlined Test Properties [org.springframework.core.env.MapPropertySource] to EncryptableMapPropertySourceWrapper
2021-11-30 23:23:50.371  INFO 60323 --- [    Test worker] c.u.j.EncryptablePropertySourceConverter : Converting PropertySource systemProperties [org.springframework.core.env.PropertiesPropertySource] to EncryptableMapPropertySourceWrapper
2021-11-30 23:23:50.371  INFO 60323 --- [    Test worker] c.u.j.EncryptablePropertySourceConverter : Converting PropertySource systemEnvironment [org.springframework.boot.env.SystemEnvironmentPropertySourceEnvironmentPostProcessor$OriginAwareSystemEnvironmentPropertySource] to EncryptableSystemEnvironmentPropertySourceWrapper
2021-11-30 23:23:50.371  INFO 60323 --- [    Test worker] c.u.j.EncryptablePropertySourceConverter : Converting PropertySource random [org.springframework.boot.env.RandomValuePropertySource] to EncryptablePropertySourceWrapper
2021-11-30 23:23:50.371  INFO 60323 --- [    Test worker] c.u.j.EncryptablePropertySourceConverter : Converting PropertySource springCloudClientHostInfo [org.springframework.core.env.MapPropertySource] to EncryptableMapPropertySourceWrapper
2021-11-30 23:23:50.371  INFO 60323 --- [    Test worker] c.u.j.EncryptablePropertySourceConverter : Converting PropertySource applicationConfig: [classpath:/application.properties] [org.springframework.boot.env.OriginTrackedMapPropertySource] to EncryptableMapPropertySourceWrapper
2021-11-30 23:23:50.372  INFO 60323 --- [    Test worker] c.u.j.EncryptablePropertySourceConverter : Converting PropertySource springCloudDefaultProperties [org.springframework.core.env.MapPropertySource] to EncryptableMapPropertySourceWrapper
2021-11-30 23:23:50.372  INFO 60323 --- [    Test worker] c.u.j.EncryptablePropertySourceConverter : Converting PropertySource class path resource [application.properties] [org.springframework.core.io.support.ResourcePropertySource] to EncryptableMapPropertySourceWrapper
2021-11-30 23:23:50.401  INFO 60323 --- [    Test worker] trationDelegate$BeanPostProcessorChecker : Bean 'org.springframework.cloud.autoconfigure.ConfigurationPropertiesRebinderAutoConfiguration' of type [org.springframework.cloud.autoconfigure.ConfigurationPropertiesRebinderAutoConfiguration$$EnhancerBySpringCGLIB$$c692403e] is not eligible for getting processed by all BeanPostProcessors (for example: not eligible for auto-proxying)
2021-11-30 23:23:50.453  INFO 60323 --- [    Test worker] c.u.j.filter.DefaultLazyPropertyFilter   : Property Filter custom Bean not found with name 'encryptablePropertyFilter'. Initializing Default Property Filter
2021-11-30 23:23:50.456  INFO 60323 --- [    Test worker] c.u.j.r.DefaultLazyPropertyResolver      : Property Resolver custom Bean not found with name 'encryptablePropertyResolver'. Initializing Default Property Resolver
2021-11-30 23:23:50.456  INFO 60323 --- [    Test worker] c.u.j.d.DefaultLazyPropertyDetector      : Property Detector custom Bean not found with name 'encryptablePropertyDetector'. Initializing Default Property Detector
2021-11-30 23:23:50.492  INFO 60323 --- [    Test worker] c.u.j.encryptor.DefaultLazyEncryptor     : Found Custom Encryptor Bean org.jasypt.encryption.pbe.PooledPBEStringEncryptor@1b923d7a with name: jasyptStringEncryptor
2021-11-30 23:23:50.538  WARN 60323 --- [    Test worker] o.s.c.n.a.ArchaiusAutoConfiguration      : Netflix ConfigurationManager has already been installed, unable to re-install
2021-11-30 23:23:50.587  INFO 60323 --- [    Test worker] o.s.s.concurrent.ThreadPoolTaskExecutor  : Initializing ExecutorService 'applicationTaskExecutor'
2021-11-30 23:23:50.774  INFO 60323 --- [    Test worker] a.c.service.gif.GifServiceImplTest       : Started GifServiceImplTest in 0.623 seconds (JVM running for 6.257)
2021-11-30 23:23:50.781  INFO 60323 --- [    Test worker] a.currency.service.gif.GifServiceImpl    : Getting gif
2021-11-30 23:23:50.781  INFO 60323 --- [    Test worker] a.currency.service.gif.GifServiceImpl    : Getting endpoint depending of delta
2021-11-30 23:23:52.012  INFO 60323 --- [    Test worker] a.currency.service.gif.GifServiceImpl    : Getting endpoint depending of delta
2021-11-30 23:23:52.015  INFO 60323 --- [    Test worker] a.currency.service.gif.GifServiceImpl    : Getting endpoint depending of delta
]]></system-out>
  <system-err><![CDATA[]]></system-err>
</testsuite>
