<?xml version="1.0" encoding="UTF-8"?>
<testsuite name="alpha.currency.service.currency.CurrencyServiceImplTest" tests="4" skipped="0" failures="0" errors="0" timestamp="2021-11-30T18:46:38" hostname="temapc" time="1.336">
  <properties/>
  <testcase name="shouldReturnDelta()" classname="alpha.currency.service.currency.CurrencyServiceImplTest" time="0.776"/>
  <testcase name="shouldReturnNonExistentCurrencyExceptionNow()" classname="alpha.currency.service.currency.CurrencyServiceImplTest" time="0.189"/>
  <testcase name="shouldReturnCurrencyLatest()" classname="alpha.currency.service.currency.CurrencyServiceImplTest" time="0.184"/>
  <testcase name="shouldReturnNonExistentCurrencyExceptionYesterday()" classname="alpha.currency.service.currency.CurrencyServiceImplTest" time="0.182"/>
  <system-out><![CDATA[2021-11-30 22:46:38.398  INFO 51757 --- [    Test worker] .b.t.c.SpringBootTestContextBootstrapper : Neither @ContextConfiguration nor @ContextHierarchy found for test class [alpha.currency.service.currency.CurrencyServiceImplTest], using SpringBootContextLoader
2021-11-30 22:46:38.400  INFO 51757 --- [    Test worker] o.s.t.c.support.AbstractContextLoader    : Could not detect default resource locations for test class [alpha.currency.service.currency.CurrencyServiceImplTest]: no resource found for suffixes {-context.xml, Context.groovy}.
2021-11-30 22:46:38.400  INFO 51757 --- [    Test worker] t.c.s.AnnotationConfigContextLoaderUtils : Could not detect default configuration classes for test class [alpha.currency.service.currency.CurrencyServiceImplTest]: CurrencyServiceImplTest does not declare any static, non-private, non-final, nested classes annotated with @Configuration.
2021-11-30 22:46:38.407  INFO 51757 --- [    Test worker] .b.t.c.SpringBootTestContextBootstrapper : Found @SpringBootConfiguration alpha.currency.Main for test class alpha.currency.service.currency.CurrencyServiceImplTest
2021-11-30 22:46:38.410  INFO 51757 --- [    Test worker] .b.t.c.SpringBootTestContextBootstrapper : Loaded default TestExecutionListener class names from location [META-INF/spring.factories]: [org.springframework.boot.test.autoconfigure.restdocs.RestDocsTestExecutionListener, org.springframework.boot.test.autoconfigure.web.client.MockRestServiceServerResetTestExecutionListener, org.springframework.boot.test.autoconfigure.web.servlet.MockMvcPrintOnlyOnFailureTestExecutionListener, org.springframework.boot.test.autoconfigure.web.servlet.WebDriverTestExecutionListener, org.springframework.boot.test.autoconfigure.webservices.client.MockWebServiceServerTestExecutionListener, org.springframework.boot.test.mock.mockito.MockitoTestExecutionListener, org.springframework.boot.test.mock.mockito.ResetMocksTestExecutionListener, org.springframework.test.context.web.ServletTestExecutionListener, org.springframework.test.context.support.DirtiesContextBeforeModesTestExecutionListener, org.springframework.test.context.support.DependencyInjectionTestExecutionListener, org.springframework.test.context.support.DirtiesContextTestExecutionListener, org.springframework.test.context.transaction.TransactionalTestExecutionListener, org.springframework.test.context.jdbc.SqlScriptsTestExecutionListener, org.springframework.test.context.event.EventPublishingTestExecutionListener]
2021-11-30 22:46:38.411  INFO 51757 --- [    Test worker] .b.t.c.SpringBootTestContextBootstrapper : Using TestExecutionListeners: [org.springframework.test.context.web.ServletTestExecutionListener@3e1c1677, org.springframework.test.context.support.DirtiesContextBeforeModesTestExecutionListener@54fb3c3a, org.springframework.boot.test.mock.mockito.MockitoTestExecutionListener@1b83fee1, org.springframework.boot.test.autoconfigure.SpringBootDependencyInjectionTestExecutionListener@2292ca3e, org.springframework.test.context.support.DirtiesContextTestExecutionListener@7ce3dfb5, org.springframework.test.context.event.EventPublishingTestExecutionListener@717426ff, org.springframework.boot.test.autoconfigure.restdocs.RestDocsTestExecutionListener@7584bac6, org.springframework.boot.test.autoconfigure.web.client.MockRestServiceServerResetTestExecutionListener@41734d72, org.springframework.boot.test.autoconfigure.web.servlet.MockMvcPrintOnlyOnFailureTestExecutionListener@230f2c9e, org.springframework.boot.test.autoconfigure.web.servlet.WebDriverTestExecutionListener@731cb5de, org.springframework.boot.test.autoconfigure.webservices.client.MockWebServiceServerTestExecutionListener@231e63f1, org.springframework.boot.test.mock.mockito.ResetMocksTestExecutionListener@78dda23d]
2021-11-30 22:46:38.459  INFO 51757 --- [    Test worker] a.c.s.currency.CurrencyServiceImpl       : Getting latest price for RUB 
2021-11-30 22:46:38.641  INFO 51757 --- [    Test worker] a.c.s.currency.CurrencyServiceImpl       : Getting yesterday price for RUB 
2021-11-30 22:46:38.822  INFO 51757 --- [    Test worker] a.c.s.currency.CurrencyServiceImpl       : Calculating delta for RUB
2021-11-30 22:46:38.823  INFO 51757 --- [    Test worker] a.c.s.currency.CurrencyServiceImpl       : Getting latest price for RUB 
2021-11-30 22:46:39.004  INFO 51757 --- [    Test worker] a.c.s.currency.CurrencyServiceImpl       : Getting yesterday price for RUB 
2021-11-30 22:46:39.195  INFO 51757 --- [    Test worker] a.c.s.currency.CurrencyServiceImpl       : Getting latest price for NONE 
2021-11-30 22:46:39.376 ERROR 51757 --- [    Test worker] a.c.s.currency.CurrencyServiceImpl       : NONE is not present
2021-11-30 22:46:39.385  INFO 51757 --- [    Test worker] a.c.s.currency.CurrencyServiceImpl       : Getting latest price for RUB 
2021-11-30 22:46:39.572  INFO 51757 --- [    Test worker] a.c.s.currency.CurrencyServiceImpl       : Getting yesterday price for NONE 
]]></system-out>
  <system-err><![CDATA[]]></system-err>
</testsuite>
