<?xml version="1.0" encoding="UTF-8"?>
<testsuite name="alpha.currency.service.currency.CurrencyServiceImplTest" tests="4" skipped="0" failures="0" errors="0" timestamp="2021-11-30T19:23:57" hostname="temapc" time="1.251">
  <properties/>
  <testcase name="shouldReturnDelta()" classname="alpha.currency.service.currency.CurrencyServiceImplTest" time="0.708"/>
  <testcase name="shouldReturnNonExistentCurrencyExceptionNow()" classname="alpha.currency.service.currency.CurrencyServiceImplTest" time="0.181"/>
  <testcase name="shouldReturnCurrencyLatest()" classname="alpha.currency.service.currency.CurrencyServiceImplTest" time="0.176"/>
  <testcase name="shouldReturnNonExistentCurrencyExceptionYesterday()" classname="alpha.currency.service.currency.CurrencyServiceImplTest" time="0.179"/>
  <system-out><![CDATA[2021-11-30 23:23:57.246  INFO 60323 --- [    Test worker] .b.t.c.SpringBootTestContextBootstrapper : Neither @ContextConfiguration nor @ContextHierarchy found for test class [alpha.currency.service.currency.CurrencyServiceImplTest], using SpringBootContextLoader
2021-11-30 23:23:57.247  INFO 60323 --- [    Test worker] o.s.t.c.support.AbstractContextLoader    : Could not detect default resource locations for test class [alpha.currency.service.currency.CurrencyServiceImplTest]: no resource found for suffixes {-context.xml, Context.groovy}.
2021-11-30 23:23:57.247  INFO 60323 --- [    Test worker] t.c.s.AnnotationConfigContextLoaderUtils : Could not detect default configuration classes for test class [alpha.currency.service.currency.CurrencyServiceImplTest]: CurrencyServiceImplTest does not declare any static, non-private, non-final, nested classes annotated with @Configuration.
2021-11-30 23:23:57.250  INFO 60323 --- [    Test worker] .b.t.c.SpringBootTestContextBootstrapper : Found @SpringBootConfiguration alpha.currency.Main for test class alpha.currency.service.currency.CurrencyServiceImplTest
2021-11-30 23:23:57.252  INFO 60323 --- [    Test worker] .b.t.c.SpringBootTestContextBootstrapper : Loaded default TestExecutionListener class names from location [META-INF/spring.factories]: [org.springframework.boot.test.autoconfigure.restdocs.RestDocsTestExecutionListener, org.springframework.boot.test.autoconfigure.web.client.MockRestServiceServerResetTestExecutionListener, org.springframework.boot.test.autoconfigure.web.servlet.MockMvcPrintOnlyOnFailureTestExecutionListener, org.springframework.boot.test.autoconfigure.web.servlet.WebDriverTestExecutionListener, org.springframework.boot.test.autoconfigure.webservices.client.MockWebServiceServerTestExecutionListener, org.springframework.boot.test.mock.mockito.MockitoTestExecutionListener, org.springframework.boot.test.mock.mockito.ResetMocksTestExecutionListener, org.springframework.test.context.web.ServletTestExecutionListener, org.springframework.test.context.support.DirtiesContextBeforeModesTestExecutionListener, org.springframework.test.context.support.DependencyInjectionTestExecutionListener, org.springframework.test.context.support.DirtiesContextTestExecutionListener, org.springframework.test.context.transaction.TransactionalTestExecutionListener, org.springframework.test.context.jdbc.SqlScriptsTestExecutionListener, org.springframework.test.context.event.EventPublishingTestExecutionListener]
2021-11-30 23:23:57.254  INFO 60323 --- [    Test worker] .b.t.c.SpringBootTestContextBootstrapper : Using TestExecutionListeners: [org.springframework.test.context.web.ServletTestExecutionListener@4110baf8, org.springframework.test.context.support.DirtiesContextBeforeModesTestExecutionListener@32624c23, org.springframework.boot.test.mock.mockito.MockitoTestExecutionListener@1259db5b, org.springframework.boot.test.autoconfigure.SpringBootDependencyInjectionTestExecutionListener@64ba305d, org.springframework.test.context.support.DirtiesContextTestExecutionListener@20399148, org.springframework.test.context.event.EventPublishingTestExecutionListener@9ad238, org.springframework.boot.test.autoconfigure.restdocs.RestDocsTestExecutionListener@5c455273, org.springframework.boot.test.autoconfigure.web.client.MockRestServiceServerResetTestExecutionListener@6948b97e, org.springframework.boot.test.autoconfigure.web.servlet.MockMvcPrintOnlyOnFailureTestExecutionListener@597d6ce, org.springframework.boot.test.autoconfigure.web.servlet.WebDriverTestExecutionListener@534acf56, org.springframework.boot.test.autoconfigure.webservices.client.MockWebServiceServerTestExecutionListener@25eac986, org.springframework.boot.test.mock.mockito.ResetMocksTestExecutionListener@945170c]
2021-11-30 23:23:57.262  INFO 60323 --- [    Test worker] a.c.s.currency.CurrencyServiceImpl       : Getting latest price for RUB 
2021-11-30 23:23:57.439  INFO 60323 --- [    Test worker] a.c.s.currency.CurrencyServiceImpl       : Getting yesterday price for RUB 
2021-11-30 23:23:57.616  INFO 60323 --- [    Test worker] a.c.s.currency.CurrencyServiceImpl       : Calculating delta for RUB
2021-11-30 23:23:57.616  INFO 60323 --- [    Test worker] a.c.s.currency.CurrencyServiceImpl       : Getting latest price for RUB 
2021-11-30 23:23:57.795  INFO 60323 --- [    Test worker] a.c.s.currency.CurrencyServiceImpl       : Getting yesterday price for RUB 
2021-11-30 23:23:57.974  INFO 60323 --- [    Test worker] a.c.s.currency.CurrencyServiceImpl       : Getting latest price for NONE 
2021-11-30 23:23:58.145 ERROR 60323 --- [    Test worker] a.c.s.currency.CurrencyServiceImpl       : NONE is not present
2021-11-30 23:23:58.154  INFO 60323 --- [    Test worker] a.c.s.currency.CurrencyServiceImpl       : Getting latest price for RUB 
2021-11-30 23:23:58.335  INFO 60323 --- [    Test worker] a.c.s.currency.CurrencyServiceImpl       : Getting yesterday price for NONE 
]]></system-out>
  <system-err><![CDATA[]]></system-err>
</testsuite>
